This file contains any messages produced by compilers while
running configure, to aid debugging if configure makes a mistake.

It was created by configure, which was
generated by GNU Autoconf 2.59.  Invocation command line was

  $ ./configure --with-php-config=/home/s/apps/php/bin/php-config --enable-cntwd --enable-debug

## --------- ##
## Platform. ##
## --------- ##

hostname = vm14.search.corp.qihoo.net
uname -m = x86_64
uname -r = 2.6.18-164.el5xen
uname -s = Linux
uname -v = #1 SMP Thu Sep 3 04:03:03 EDT 2009

/usr/bin/uname -p = unknown
/bin/uname -X     = unknown

/bin/arch              = x86_64
/usr/bin/arch -k       = unknown
/usr/convex/getsysinfo = unknown
hostinfo               = unknown
/bin/machine           = unknown
/usr/bin/oslevel       = unknown
/bin/universe          = unknown

PATH: /sbin
PATH: /usr/sbin
PATH: /usr/local/sbin
PATH: /usr/kerberos/bin
PATH: /usr/local/bin
PATH: /bin
PATH: /usr/bin
PATH: /usr/local/bin
PATH: /home/s/bin
PATH: /usr/java/jdk/bin
PATH: /usr/java/jdk/jre/bin
PATH: /home/libofeng/bin


## ----------- ##
## Core tests. ##
## ----------- ##

configure:1496: checking for egrep
configure:1506: result: grep -E
configure:1511: checking for a sed that does not truncate output
configure:1565: result: /bin/sed
configure:1686: checking for gcc
configure:1702: found /usr/bin/gcc
configure:1712: result: gcc
configure:1956: checking for C compiler version
configure:1959: gcc --version </dev/null >&5
gcc (GCC) 4.1.2 20080704 (Red Hat 4.1.2-46)
Copyright (C) 2006 Free Software Foundation, Inc.
This is free software; see the source for copying conditions.  There is NO
warranty; not even for MERCHANTABILITY or FITNESS FOR A PARTICULAR PURPOSE.

configure:1962: $? = 0
configure:1964: gcc -v </dev/null >&5
Using built-in specs.
Target: x86_64-redhat-linux
Configured with: ../configure --prefix=/usr --mandir=/usr/share/man --infodir=/usr/share/info --enable-shared --enable-threads=posix --enable-checking=release --with-system-zlib --enable-__cxa_atexit --disable-libunwind-exceptions --enable-libgcj-multifile --enable-languages=c,c++,objc,obj-c++,java,fortran,ada --enable-java-awt=gtk --disable-dssi --enable-plugin --with-java-home=/usr/lib/jvm/java-1.4.2-gcj-1.4.2.0/jre --with-cpu=generic --host=x86_64-redhat-linux
Thread model: posix
gcc version 4.1.2 20080704 (Red Hat 4.1.2-46)
configure:1967: $? = 0
configure:1969: gcc -V </dev/null >&5
gcc: '-V' option must have argument
configure:1972: $? = 1
configure:1995: checking for C compiler default output file name
configure:1998: gcc    conftest.c  >&5
configure:2001: $? = 0
configure:2047: result: a.out
configure:2052: checking whether the C compiler works
configure:2058: ./a.out
configure:2061: $? = 0
configure:2078: result: yes
configure:2085: checking whether we are cross compiling
configure:2087: result: no
configure:2090: checking for suffix of executables
configure:2092: gcc -o conftest    conftest.c  >&5
configure:2095: $? = 0
configure:2120: result: 
configure:2126: checking for suffix of object files
configure:2147: gcc -c   conftest.c >&5
configure:2150: $? = 0
configure:2172: result: o
configure:2176: checking whether we are using the GNU C compiler
configure:2200: gcc -c   conftest.c >&5
configure:2206: $? = 0
configure:2210: test -z 
			 || test ! -s conftest.err
configure:2213: $? = 0
configure:2216: test -s conftest.o
configure:2219: $? = 0
configure:2232: result: yes
configure:2238: checking whether gcc accepts -g
configure:2259: gcc -c -g  conftest.c >&5
configure:2265: $? = 0
configure:2269: test -z 
			 || test ! -s conftest.err
configure:2272: $? = 0
configure:2275: test -s conftest.o
configure:2278: $? = 0
configure:2289: result: yes
configure:2306: checking for gcc option to accept ANSI C
configure:2376: gcc  -c -g -O2  conftest.c >&5
configure:2382: $? = 0
configure:2386: test -z 
			 || test ! -s conftest.err
configure:2389: $? = 0
configure:2392: test -s conftest.o
configure:2395: $? = 0
configure:2413: result: none needed
configure:2431: gcc -c -g -O2  conftest.c >&5
conftest.c:2: error: expected '=', ',', ';', 'asm' or '__attribute__' before 'me'
configure:2437: $? = 1
configure: failed program was:
| #ifndef __cplusplus
|   choke me
| #endif
configure:2571: checking whether gcc and cc understand -c and -o together
configure:2601: gcc -c conftest.c -o conftest.o >&5
configure:2604: $? = 0
configure:2606: gcc -c conftest.c -o conftest.o >&5
configure:2609: $? = 0
configure:2616: cc -c conftest.c >&5
configure:2619: $? = 0
configure:2622: cc -c conftest.c -o conftest.o >&5
configure:2625: $? = 0
configure:2627: cc -c conftest.c -o conftest.o >&5
configure:2630: $? = 0
configure:2648: result: yes
configure:2664: checking for system library directory
configure:2682: result: lib
configure:2690: checking if compiler supports -R
configure:2714: gcc -o conftest -g -O2   conftest.c -R /usr/lib  >&5
gcc: unrecognized option '-R'
/usr/lib: file not recognized: Is a directory
collect2: ld returned 1 exit status
configure:2720: $? = 1
configure: failed program was:
| /* confdefs.h.  */
| 
| #define PACKAGE_NAME ""
| #define PACKAGE_TARNAME ""
| #define PACKAGE_VERSION ""
| #define PACKAGE_STRING ""
| #define PACKAGE_BUGREPORT ""
| /* end confdefs.h.  */
| 
| int
| main ()
| {
| 
|   ;
|   return 0;
| }
configure:2747: result: no
configure:2752: checking if compiler supports -Wl,-rpath,
configure:2776: gcc -o conftest -g -O2   conftest.c -Wl,-rpath,/usr/lib  >&5
configure:2782: $? = 0
configure:2786: test -z 
			 || test ! -s conftest.err
configure:2789: $? = 0
configure:2792: test -s conftest
configure:2795: $? = 0
configure:2809: result: yes
configure:2852: checking build system type
configure:2870: result: x86_64-unknown-linux-gnu
configure:2878: checking host system type
configure:2892: result: x86_64-unknown-linux-gnu
configure:2900: checking target system type
configure:2914: result: x86_64-unknown-linux-gnu
configure:3012: checking for PHP prefix
configure:3014: result: /home/s/apps/php-5.2.6
configure:3016: checking for PHP includes
configure:3018: result: -I/home/s/apps/php-5.2.6/include/php -I/home/s/apps/php-5.2.6/include/php/main -I/home/s/apps/php-5.2.6/include/php/TSRM -I/home/s/apps/php-5.2.6/include/php/Zend -I/home/s/apps/php-5.2.6/include/php/ext -I/home/s/apps/php-5.2.6/include/php/ext/date/lib
configure:3020: checking for PHP extension directory
configure:3022: result: /home/s/apps/php-5.2.6/lib/php/extensions/no-debug-non-zts-20060613
configure:3024: checking for PHP installed headers prefix
configure:3026: result: /home/s/apps/php-5.2.6/include/php
configure:3070: checking for re2c
configure:3099: result: no
configure:3123: WARNING: You will need re2c 0.12.0 or later if you want to regenerate PHP parsers.
configure:3137: checking for gawk
configure:3154: found /bin/gawk
configure:3164: result: gawk
configure:3215: checking whether to enable cntwd support
configure:3257: result: yes, shared
configure:3323: checking for g++
configure:3339: found /usr/bin/g++
configure:3349: result: g++
configure:3365: checking for C++ compiler version
configure:3368: g++ --version </dev/null >&5
g++ (GCC) 4.1.2 20080704 (Red Hat 4.1.2-46)
Copyright (C) 2006 Free Software Foundation, Inc.
This is free software; see the source for copying conditions.  There is NO
warranty; not even for MERCHANTABILITY or FITNESS FOR A PARTICULAR PURPOSE.

configure:3371: $? = 0
configure:3373: g++ -v </dev/null >&5
Using built-in specs.
Target: x86_64-redhat-linux
Configured with: ../configure --prefix=/usr --mandir=/usr/share/man --infodir=/usr/share/info --enable-shared --enable-threads=posix --enable-checking=release --with-system-zlib --enable-__cxa_atexit --disable-libunwind-exceptions --enable-libgcj-multifile --enable-languages=c,c++,objc,obj-c++,java,fortran,ada --enable-java-awt=gtk --disable-dssi --enable-plugin --with-java-home=/usr/lib/jvm/java-1.4.2-gcj-1.4.2.0/jre --with-cpu=generic --host=x86_64-redhat-linux
Thread model: posix
gcc version 4.1.2 20080704 (Red Hat 4.1.2-46)
configure:3376: $? = 0
configure:3378: g++ -V </dev/null >&5
g++: '-V' option must have argument
configure:3381: $? = 1
configure:3384: checking whether we are using the GNU C++ compiler
configure:3408: g++ -c   conftest.cc >&5
configure:3414: $? = 0
configure:3418: test -z 
			 || test ! -s conftest.err
configure:3421: $? = 0
configure:3424: test -s conftest.o
configure:3427: $? = 0
configure:3440: result: yes
configure:3446: checking whether g++ accepts -g
configure:3467: g++ -c -g  conftest.cc >&5
configure:3473: $? = 0
configure:3477: test -z 
			 || test ! -s conftest.err
configure:3480: $? = 0
configure:3483: test -s conftest.o
configure:3486: $? = 0
configure:3497: result: yes
configure:3539: g++ -c -g -O2  conftest.cc >&5
configure:3545: $? = 0
configure:3549: test -z 
			 || test ! -s conftest.err
configure:3552: $? = 0
configure:3555: test -s conftest.o
configure:3558: $? = 0
configure:3584: g++ -c -g -O2  conftest.cc >&5
conftest.cc: In function 'int main()':
conftest.cc:13: error: 'exit' was not declared in this scope
configure:3590: $? = 1
configure: failed program was:
| /* confdefs.h.  */
| 
| #define PACKAGE_NAME ""
| #define PACKAGE_TARNAME ""
| #define PACKAGE_VERSION ""
| #define PACKAGE_STRING ""
| #define PACKAGE_BUGREPORT ""
| /* end confdefs.h.  */
| 
| int
| main ()
| {
| exit (42);
|   ;
|   return 0;
| }
configure:3539: g++ -c -g -O2  conftest.cc >&5
configure:3545: $? = 0
configure:3549: test -z 
			 || test ! -s conftest.err
configure:3552: $? = 0
configure:3555: test -s conftest.o
configure:3558: $? = 0
configure:3584: g++ -c -g -O2  conftest.cc >&5
configure:3590: $? = 0
configure:3594: test -z 
			 || test ! -s conftest.err
configure:3597: $? = 0
configure:3600: test -s conftest.o
configure:3603: $? = 0
configure:3631: checking how to run the C++ preprocessor
configure:3662: g++ -E  conftest.cc
configure:3668: $? = 0
configure:3700: g++ -E  conftest.cc
conftest.cc:12:28: error: ac_nonexistent.h: No such file or directory
configure:3706: $? = 1
configure: failed program was:
| /* confdefs.h.  */
| 
| #define PACKAGE_NAME ""
| #define PACKAGE_TARNAME ""
| #define PACKAGE_VERSION ""
| #define PACKAGE_STRING ""
| #define PACKAGE_BUGREPORT ""
| #ifdef __cplusplus
| extern "C" void std::exit (int) throw (); using std::exit;
| #endif
| /* end confdefs.h.  */
| #include <ac_nonexistent.h>
configure:3745: result: g++ -E
configure:3769: g++ -E  conftest.cc
configure:3775: $? = 0
configure:3807: g++ -E  conftest.cc
conftest.cc:12:28: error: ac_nonexistent.h: No such file or directory
configure:3813: $? = 1
configure: failed program was:
| /* confdefs.h.  */
| 
| #define PACKAGE_NAME ""
| #define PACKAGE_TARNAME ""
| #define PACKAGE_VERSION ""
| #define PACKAGE_STRING ""
| #define PACKAGE_BUGREPORT ""
| #ifdef __cplusplus
| extern "C" void std::exit (int) throw (); using std::exit;
| #endif
| /* end confdefs.h.  */
| #include <ac_nonexistent.h>
configure:4264: checking for C++ compiler version
configure:4267: g++ --version </dev/null >&5
g++ (GCC) 4.1.2 20080704 (Red Hat 4.1.2-46)
Copyright (C) 2006 Free Software Foundation, Inc.
This is free software; see the source for copying conditions.  There is NO
warranty; not even for MERCHANTABILITY or FITNESS FOR A PARTICULAR PURPOSE.

configure:4270: $? = 0
configure:4272: g++ -v </dev/null >&5
Using built-in specs.
Target: x86_64-redhat-linux
Configured with: ../configure --prefix=/usr --mandir=/usr/share/man --infodir=/usr/share/info --enable-shared --enable-threads=posix --enable-checking=release --with-system-zlib --enable-__cxa_atexit --disable-libunwind-exceptions --enable-libgcj-multifile --enable-languages=c,c++,objc,obj-c++,java,fortran,ada --enable-java-awt=gtk --disable-dssi --enable-plugin --with-java-home=/usr/lib/jvm/java-1.4.2-gcj-1.4.2.0/jre --with-cpu=generic --host=x86_64-redhat-linux
Thread model: posix
gcc version 4.1.2 20080704 (Red Hat 4.1.2-46)
configure:4275: $? = 0
configure:4277: g++ -V </dev/null >&5
g++: '-V' option must have argument
configure:4280: $? = 1
configure:4283: checking whether we are using the GNU C++ compiler
configure:4339: result: yes
configure:4345: checking whether g++ accepts -g
configure:4396: result: yes
configure:4438: g++ -c -g -O2  conftest.cc >&5
configure:4444: $? = 0
configure:4448: test -z 
			 || test ! -s conftest.err
configure:4451: $? = 0
configure:4454: test -s conftest.o
configure:4457: $? = 0
configure:4483: g++ -c -g -O2  conftest.cc >&5
configure:4489: $? = 0
configure:4493: test -z 
			 || test ! -s conftest.err
configure:4496: $? = 0
configure:4499: test -s conftest.o
configure:4502: $? = 0
configure:4608: checking for ld used by gcc
configure:4675: result: /usr/bin/ld
configure:4684: checking if the linker (/usr/bin/ld) is GNU ld
configure:4699: result: yes
configure:4704: checking for /usr/bin/ld option to reload object files
configure:4711: result: -r
configure:4729: checking for BSD-compatible nm
configure:4771: result: /usr/bin/nm -B
configure:4775: checking whether ln -s works
configure:4779: result: yes
configure:4786: checking how to recognise dependent libraries
configure:4958: result: pass_all
configure:5039: gcc -c -g -O2  conftest.c >&5
configure:5042: $? = 0
configure:5170: checking how to run the C preprocessor
configure:5205: gcc -E  conftest.c
configure:5211: $? = 0
configure:5243: gcc -E  conftest.c
conftest.c:13:28: error: ac_nonexistent.h: No such file or directory
configure:5249: $? = 1
configure: failed program was:
| /* confdefs.h.  */
| 
| #define PACKAGE_NAME ""
| #define PACKAGE_TARNAME ""
| #define PACKAGE_VERSION ""
| #define PACKAGE_STRING ""
| #define PACKAGE_BUGREPORT ""
| #ifdef __cplusplus
| extern "C" void std::exit (int) throw (); using std::exit;
| #endif
| #define COMPILE_DL_CNTWD 1
| /* end confdefs.h.  */
| #include <ac_nonexistent.h>
configure:5288: result: gcc -E
configure:5312: gcc -E  conftest.c
configure:5318: $? = 0
configure:5350: gcc -E  conftest.c
conftest.c:13:28: error: ac_nonexistent.h: No such file or directory
configure:5356: $? = 1
configure: failed program was:
| /* confdefs.h.  */
| 
| #define PACKAGE_NAME ""
| #define PACKAGE_TARNAME ""
| #define PACKAGE_VERSION ""
| #define PACKAGE_STRING ""
| #define PACKAGE_BUGREPORT ""
| #ifdef __cplusplus
| extern "C" void std::exit (int) throw (); using std::exit;
| #endif
| #define COMPILE_DL_CNTWD 1
| /* end confdefs.h.  */
| #include <ac_nonexistent.h>
configure:5400: checking for ANSI C header files
configure:5425: gcc -c -g -O2  conftest.c >&5
configure:5431: $? = 0
configure:5435: test -z 
			 || test ! -s conftest.err
configure:5438: $? = 0
configure:5441: test -s conftest.o
configure:5444: $? = 0
configure:5533: gcc -o conftest -g -O2   conftest.c  >&5
conftest.c: In function 'main':
conftest.c:30: warning: incompatible implicit declaration of built-in function 'exit'
configure:5536: $? = 0
configure:5538: ./conftest
configure:5541: $? = 0
configure:5556: result: yes
configure:5580: checking for sys/types.h
configure:5596: gcc -c -g -O2  conftest.c >&5
configure:5602: $? = 0
configure:5606: test -z 
			 || test ! -s conftest.err
configure:5609: $? = 0
configure:5612: test -s conftest.o
configure:5615: $? = 0
configure:5626: result: yes
configure:5580: checking for sys/stat.h
configure:5596: gcc -c -g -O2  conftest.c >&5
configure:5602: $? = 0
configure:5606: test -z 
			 || test ! -s conftest.err
configure:5609: $? = 0
configure:5612: test -s conftest.o
configure:5615: $? = 0
configure:5626: result: yes
configure:5580: checking for stdlib.h
configure:5596: gcc -c -g -O2  conftest.c >&5
configure:5602: $? = 0
configure:5606: test -z 
			 || test ! -s conftest.err
configure:5609: $? = 0
configure:5612: test -s conftest.o
configure:5615: $? = 0
configure:5626: result: yes
configure:5580: checking for string.h
configure:5596: gcc -c -g -O2  conftest.c >&5
configure:5602: $? = 0
configure:5606: test -z 
			 || test ! -s conftest.err
configure:5609: $? = 0
configure:5612: test -s conftest.o
configure:5615: $? = 0
configure:5626: result: yes
configure:5580: checking for memory.h
configure:5596: gcc -c -g -O2  conftest.c >&5
configure:5602: $? = 0
configure:5606: test -z 
			 || test ! -s conftest.err
configure:5609: $? = 0
configure:5612: test -s conftest.o
configure:5615: $? = 0
configure:5626: result: yes
configure:5580: checking for strings.h
configure:5596: gcc -c -g -O2  conftest.c >&5
configure:5602: $? = 0
configure:5606: test -z 
			 || test ! -s conftest.err
configure:5609: $? = 0
configure:5612: test -s conftest.o
configure:5615: $? = 0
configure:5626: result: yes
configure:5580: checking for inttypes.h
configure:5596: gcc -c -g -O2  conftest.c >&5
configure:5602: $? = 0
configure:5606: test -z 
			 || test ! -s conftest.err
configure:5609: $? = 0
configure:5612: test -s conftest.o
configure:5615: $? = 0
configure:5626: result: yes
configure:5580: checking for stdint.h
configure:5596: gcc -c -g -O2  conftest.c >&5
configure:5602: $? = 0
configure:5606: test -z 
			 || test ! -s conftest.err
configure:5609: $? = 0
configure:5612: test -s conftest.o
configure:5615: $? = 0
configure:5626: result: yes
configure:5580: checking for unistd.h
configure:5596: gcc -c -g -O2  conftest.c >&5
configure:5602: $? = 0
configure:5606: test -z 
			 || test ! -s conftest.err
configure:5609: $? = 0
configure:5612: test -s conftest.o
configure:5615: $? = 0
configure:5626: result: yes
configure:5652: checking dlfcn.h usability
configure:5664: gcc -c -g -O2  conftest.c >&5
configure:5670: $? = 0
configure:5674: test -z 
			 || test ! -s conftest.err
configure:5677: $? = 0
configure:5680: test -s conftest.o
configure:5683: $? = 0
configure:5693: result: yes
configure:5697: checking dlfcn.h presence
configure:5707: gcc -E  conftest.c
configure:5713: $? = 0
configure:5733: result: yes
configure:5768: checking for dlfcn.h
configure:5775: result: yes
configure:5798: checking how to run the C++ preprocessor
configure:5912: result: g++ -E
configure:5936: g++ -E  conftest.cc
configure:5942: $? = 0
configure:5974: g++ -E  conftest.cc
conftest.cc:24:28: error: ac_nonexistent.h: No such file or directory
configure:5980: $? = 1
configure: failed program was:
| /* confdefs.h.  */
| 
| #define PACKAGE_NAME ""
| #define PACKAGE_TARNAME ""
| #define PACKAGE_VERSION ""
| #define PACKAGE_STRING ""
| #define PACKAGE_BUGREPORT ""
| #ifdef __cplusplus
| extern "C" void std::exit (int) throw (); using std::exit;
| #endif
| #define COMPILE_DL_CNTWD 1
| #define STDC_HEADERS 1
| #define HAVE_SYS_TYPES_H 1
| #define HAVE_SYS_STAT_H 1
| #define HAVE_STDLIB_H 1
| #define HAVE_STRING_H 1
| #define HAVE_MEMORY_H 1
| #define HAVE_STRINGS_H 1
| #define HAVE_INTTYPES_H 1
| #define HAVE_STDINT_H 1
| #define HAVE_UNISTD_H 1
| #define HAVE_DLFCN_H 1
| /* end confdefs.h.  */
| #include <ac_nonexistent.h>
configure:6030: checking the maximum length of command line arguments
configure:6122: result: 32768
configure:6133: checking command to parse /usr/bin/nm -B output from gcc object
configure:6229: g++ -c -g -O2  conftest.cc >&5
configure:6232: $? = 0
configure:6236: /usr/bin/nm -B conftest.o \| sed -n -e 's/^.*[ 	]\([ABCDGIRSTW][ABCDGIRSTW]*\)[ 	][ 	]*\([_A-Za-z][_A-Za-z0-9]*\)$/\1 \2 \2/p' \> conftest.nm
configure:6239: $? = 0
configure:6291: g++ -o conftest -g -O2   conftest.cc conftstm.o >&5
configure:6294: $? = 0
configure:6332: result: ok
configure:6336: checking for objdir
configure:6351: result: .libs
configure:6441: checking for ar
configure:6457: found /usr/bin/ar
configure:6468: result: ar
configure:6521: checking for ranlib
configure:6537: found /usr/bin/ranlib
configure:6548: result: ranlib
configure:6601: checking for strip
configure:6617: found /usr/bin/strip
configure:6628: result: strip
configure:6917: checking if gcc static flag  works
configure:6945: result: yes
configure:6967: checking if gcc supports -fno-rtti -fno-exceptions
configure:6985: gcc -c -g -O2  -fno-rtti -fno-exceptions conftest.c >&5
cc1: warning: command line option "-fno-rtti" is valid for C++/ObjC++ but not for C
configure:6989: $? = 0
configure:7002: result: no
configure:7017: checking for gcc option to produce PIC
configure:7221: result: -fPIC
configure:7229: checking if gcc PIC flag -fPIC works
configure:7247: gcc -c -g -O2  -fPIC -DPIC conftest.c >&5
configure:7251: $? = 0
configure:7264: result: yes
configure:7288: checking if gcc supports -c -o file.o
configure:7309: gcc -c -g -O2  -o out/conftest2.o conftest.c >&5
configure:7313: $? = 0
configure:7335: result: yes
configure:7361: checking whether the gcc linker (/usr/bin/ld -m elf_x86_64) supports shared libraries
configure:8205: result: yes
configure:8231: checking whether -lc should be explicitly linked in
configure:8236: gcc -c -g -O2  conftest.c >&5
configure:8239: $? = 0
configure:8253: gcc -shared conftest.o  -v -Wl,-soname -Wl,conftest -o conftest 2\>\&1 \| grep  -lc  \>/dev/null 2\>\&1
configure:8256: $? = 0
configure:8268: result: no
configure:8276: checking dynamic linker characteristics
configure:8652: gcc -c -g -O2  conftest.c >&5
configure:8655: $? = 0
configure:8851: result: GNU/Linux ld.so
configure:8855: checking how to hardcode library paths into programs
configure:8880: result: immediate
configure:8894: checking whether stripping libraries is possible
configure:8899: result: yes
configure:9729: checking if libtool supports shared libraries
configure:9731: result: yes
configure:9734: checking whether to build shared libraries
configure:9755: result: yes
configure:9758: checking whether to build static libraries
configure:9762: result: no
configure:9855: result:
creating libtool
configure:10436: checking for ld used by g++
configure:10503: result: /usr/bin/ld -m elf_x86_64
configure:10512: checking if the linker (/usr/bin/ld -m elf_x86_64) is GNU ld
configure:10527: result: yes
configure:10578: checking whether the g++ linker (/usr/bin/ld -m elf_x86_64) supports shared libraries
configure:11406: result: yes
configure:11428: g++ -c -g -O2  conftest.cpp >&5
configure:11431: $? = 0
configure:11541: checking for g++ option to produce PIC
configure:11809: result: -fPIC
configure:11817: checking if g++ PIC flag -fPIC works
configure:11835: g++ -c -g -O2  -fPIC -DPIC conftest.cpp >&5
configure:11839: $? = 0
configure:11852: result: yes
configure:11876: checking if g++ supports -c -o file.o
configure:11897: g++ -c -g -O2  -o out/conftest2.o conftest.cpp >&5
configure:11901: $? = 0
configure:11923: result: yes
configure:11949: checking whether the g++ linker (/usr/bin/ld -m elf_x86_64) supports shared libraries
configure:11974: result: yes
configure:12045: checking dynamic linker characteristics
configure:12421: g++ -c -g -O2  conftest.cpp >&5
configure:12424: $? = 0
configure:12620: result: GNU/Linux ld.so
configure:12624: checking how to hardcode library paths into programs
configure:12649: result: immediate
configure:12663: checking whether stripping libraries is possible
configure:12668: result: yes
configure:14208: creating ./config.status

## ---------------------- ##
## Running config.status. ##
## ---------------------- ##

This file was extended by config.status, which was
generated by GNU Autoconf 2.59.  Invocation command line was

  CONFIG_FILES    = 
  CONFIG_HEADERS  = 
  CONFIG_LINKS    = 
  CONFIG_COMMANDS = 
  $ ./config.status 

on vm14.search.corp.qihoo.net

config.status:454: creating config.h
config.status:560: config.h is unchanged

## ---------------- ##
## Cache variables. ##
## ---------------- ##

ac_cv_build=x86_64-unknown-linux-gnu
ac_cv_build_alias=x86_64-unknown-linux-gnu
ac_cv_c_compiler_gnu=yes
ac_cv_cxx_compiler_gnu=yes
ac_cv_env_CC_set=
ac_cv_env_CC_value=
ac_cv_env_CFLAGS_set=
ac_cv_env_CFLAGS_value=
ac_cv_env_CPPFLAGS_set=
ac_cv_env_CPPFLAGS_value=
ac_cv_env_CPP_set=
ac_cv_env_CPP_value=
ac_cv_env_CXXCPP_set=
ac_cv_env_CXXCPP_value=
ac_cv_env_CXXFLAGS_set=
ac_cv_env_CXXFLAGS_value=
ac_cv_env_CXX_set=
ac_cv_env_CXX_value=
ac_cv_env_LDFLAGS_set=
ac_cv_env_LDFLAGS_value=
ac_cv_env_build_alias_set=
ac_cv_env_build_alias_value=
ac_cv_env_host_alias_set=
ac_cv_env_host_alias_value=
ac_cv_env_target_alias_set=
ac_cv_env_target_alias_value=
ac_cv_exeext=
ac_cv_header_dlfcn_h=yes
ac_cv_header_inttypes_h=yes
ac_cv_header_memory_h=yes
ac_cv_header_stdc=yes
ac_cv_header_stdint_h=yes
ac_cv_header_stdlib_h=yes
ac_cv_header_string_h=yes
ac_cv_header_strings_h=yes
ac_cv_header_sys_stat_h=yes
ac_cv_header_sys_types_h=yes
ac_cv_header_unistd_h=yes
ac_cv_host=x86_64-unknown-linux-gnu
ac_cv_host_alias=x86_64-unknown-linux-gnu
ac_cv_objext=o
ac_cv_prog_AWK=gawk
ac_cv_prog_CPP='gcc -E'
ac_cv_prog_CXXCPP='g++ -E'
ac_cv_prog_ac_ct_AR=ar
ac_cv_prog_ac_ct_CC=gcc
ac_cv_prog_ac_ct_CXX=g++
ac_cv_prog_ac_ct_RANLIB=ranlib
ac_cv_prog_ac_ct_STRIP=strip
ac_cv_prog_cc_g=yes
ac_cv_prog_cc_gcc_c_o=yes
ac_cv_prog_cc_stdc=
ac_cv_prog_cxx_g=yes
ac_cv_prog_egrep='grep -E'
ac_cv_target=x86_64-unknown-linux-gnu
ac_cv_target_alias=x86_64-unknown-linux-gnu
lt_cv_deplibs_check_method=pass_all
lt_cv_file_magic_cmd='$MAGIC_CMD'
lt_cv_file_magic_test_file=
lt_cv_ld_reload_flag=-r
lt_cv_objdir=.libs
lt_cv_path_LD=/usr/bin/ld
lt_cv_path_LDCXX='/usr/bin/ld -m elf_x86_64'
lt_cv_path_NM='/usr/bin/nm -B'
lt_cv_path_SED=/bin/sed
lt_cv_prog_compiler_c_o=yes
lt_cv_prog_compiler_c_o_CXX=yes
lt_cv_prog_compiler_rtti_exceptions=no
lt_cv_prog_gnu_ld=yes
lt_cv_prog_gnu_ldcxx=yes
lt_cv_sys_global_symbol_pipe='sed -n -e '\''s/^.*[ 	]\([ABCDGIRSTW][ABCDGIRSTW]*\)[ 	][ 	]*\([_A-Za-z][_A-Za-z0-9]*\)$/\1 \2 \2/p'\'''
lt_cv_sys_global_symbol_to_c_name_address='sed -n -e '\''s/^: \([^ ]*\) $/  {\"\1\", (lt_ptr) 0},/p'\'' -e '\''s/^[BCDEGRST] \([^ ]*\) \([^ ]*\)$/  {"\2", (lt_ptr) \&\2},/p'\'''
lt_cv_sys_global_symbol_to_cdecl='sed -n -e '\''s/^. .* \(.*\)$/extern int \1;/p'\'''
lt_cv_sys_max_cmd_len=32768
lt_lt_cv_prog_compiler_c_o='"yes"'
lt_lt_cv_prog_compiler_c_o_CXX='"yes"'
lt_lt_cv_sys_global_symbol_pipe='"sed -n -e '\''s/^.*[ 	]\\([ABCDGIRSTW][ABCDGIRSTW]*\\)[ 	][ 	]*\\([_A-Za-z][_A-Za-z0-9]*\\)\$/\\1 \\2 \\2/p'\''"'
lt_lt_cv_sys_global_symbol_to_c_name_address='"sed -n -e '\''s/^: \\([^ ]*\\) \$/  {\\\"\\1\\\", (lt_ptr) 0},/p'\'' -e '\''s/^[BCDEGRST] \\([^ ]*\\) \\([^ ]*\\)\$/  {\"\\2\", (lt_ptr) \\&\\2},/p'\''"'
lt_lt_cv_sys_global_symbol_to_cdecl='"sed -n -e '\''s/^. .* \\(.*\\)\$/extern int \\1;/p'\''"'
php_cv_cc_dashr=no
php_cv_cc_rpath=yes

## ----------------- ##
## Output variables. ##
## ----------------- ##

AR='ar'
AWK='gawk'
CC='gcc'
CFLAGS='-g -O2'
CONFIGURE_COMMAND=' './configure'  '--with-php-config=/home/s/apps/php/bin/php-config' '--enable-cntwd' '--enable-debug''
CONFIGURE_OPTIONS=' '--with-php-config=/home/s/apps/php/bin/php-config' '--enable-cntwd' '--enable-debug''
CPP='gcc -E'
CPPFLAGS=' -DHAVE_CONFIG_H'
CXX='g++'
CXXCPP='g++ -E'
CXXFLAGS='-g -O2'
DEFS='-DHAVE_CONFIG_H'
ECHO='echo'
ECHO_C=''
ECHO_N='-n'
ECHO_T=''
EGREP='grep -E'
EXEEXT=''
LDFLAGS=''
LIBOBJS=''
LIBS=''
LIBTOOL='$(SHELL) $(top_builddir)/libtool'
LN_S='ln -s'
LTLIBOBJS=''
OBJEXT='o'
PACKAGE_BUGREPORT=''
PACKAGE_NAME=''
PACKAGE_STRING=''
PACKAGE_TARNAME=''
PACKAGE_VERSION=''
PATH_SEPARATOR=':'
RANLIB='ranlib'
RE2C='exit 0;'
SED='/bin/sed'
SHELL='/bin/sh'
SHLIB_DL_SUFFIX_NAME='so'
SHLIB_SUFFIX_NAME='so'
STRIP='strip'
ac_ct_AR='ar'
ac_ct_CC='gcc'
ac_ct_CXX='g++'
ac_ct_RANLIB='ranlib'
ac_ct_STRIP='strip'
bindir='${exec_prefix}/bin'
build='x86_64-unknown-linux-gnu'
build_alias=''
build_cpu='x86_64'
build_os='linux-gnu'
build_vendor='unknown'
datadir='${prefix}/share'
exec_prefix='$(prefix)'
host='x86_64-unknown-linux-gnu'
host_alias='x86_64-unknown-linux-gnu'
host_cpu='x86_64'
host_os='linux-gnu'
host_vendor='unknown'
includedir='${prefix}/include'
infodir='${prefix}/info'
libdir='${exec_prefix}/lib'
libexecdir='${exec_prefix}/libexec'
localstatedir='${prefix}/var'
mandir='${prefix}/man'
oldincludedir='/usr/include'
prefix='/home/s/apps/php-5.2.6'
program_transform_name='s,x,x,'
sbindir='${exec_prefix}/sbin'
sharedstatedir='${prefix}/com'
sysconfdir='${prefix}/etc'
target='x86_64-unknown-linux-gnu'
target_alias=''
target_cpu='x86_64'
target_os='linux-gnu'
target_vendor='unknown'

## ----------- ##
## confdefs.h. ##
## ----------- ##

#define COMPILE_DL_CNTWD 1
#define HAVE_DLFCN_H 1
#define HAVE_INTTYPES_H 1
#define HAVE_MEMORY_H 1
#define HAVE_STDINT_H 1
#define HAVE_STDLIB_H 1
#define HAVE_STRINGS_H 1
#define HAVE_STRING_H 1
#define HAVE_SYS_STAT_H 1
#define HAVE_SYS_TYPES_H 1
#define HAVE_UNISTD_H 1
#define PACKAGE_BUGREPORT ""
#define PACKAGE_NAME ""
#define PACKAGE_STRING ""
#define PACKAGE_TARNAME ""
#define PACKAGE_VERSION ""
#define STDC_HEADERS 1
#endif
#ifdef __cplusplus
extern "C" void std::exit (int) throw (); using std::exit;

configure: exit 0
